<?xml version="1.0" encoding="UTF-8" ?>
<testsuite tests="26" failures="0" name="net.mooctest.AStarTest" time="0.026" errors="0" skipped="0">
  <properties>
[...]
</properties>
  <testcase classname="net.mooctest.AStarTest" name="testNodes_扩容边界覆盖" time="0.006"/>
  <testcase classname="net.mooctest.AStarTest" name="testFillPath_平滑与非平滑分支行为" time="0.007"/>
  <testcase classname="net.mooctest.AStarTest" name="testReachability_逆向水平竖直" time="0.001"/>
  <testcase classname="net.mooctest.AStarTest" name="testReachability_负向对角遍历" time="0.001"/>
  <testcase classname="net.mooctest.AStarTest" name="testPath_扩容分支覆盖" time="0"/>
  <testcase classname="net.mooctest.AStarTest" name="testSearch_无法拓展时直接结束" time="0.003"/>
  <testcase classname="net.mooctest.AStarTest" name="testNodes_堆扩容与上下滤操作" time="0.001"/>
  <testcase classname="net.mooctest.AStarTest" name="testUtils_校验与位掩码边界" time="0"/>
  <testcase classname="net.mooctest.AStarTest" name="testReachability_多场景判定最近可行点" time="0"/>
  <testcase classname="net.mooctest.AStarTest" name="testReachability_对角邻居阻断" time="0"/>
  <testcase classname="net.mooctest.AStarTest" name="testGrid_状态位操作覆盖" time="0"/>
  <testcase classname="net.mooctest.AStarTest" name="testReachability_整数斜率直达" time="0"/>
  <testcase classname="net.mooctest.AStarTest" name="testSearch_复杂路径触发方向切换和平滑" time="0"/>
  <testcase classname="net.mooctest.AStarTest" name="testFillPath_八方向覆盖" time="0"/>
  <testcase classname="net.mooctest.AStarTest" name="testSearch_无障碍平滑路径得到起终点" time="0"/>
  <testcase classname="net.mooctest.AStarTest" name="testReachability_纵向下降遍历" time="0"/>
  <testcase classname="net.mooctest.AStarTest" name="testSearch_异常场景直接返回空路径" time="0"/>
  <testcase classname="net.mooctest.AStarTest" name="testNodeAndPath_编码与异常处理" time="0.001"/>
  <testcase classname="net.mooctest.AStarTest" name="testReachability_围栏与缩放异常" time="0.002"/>
  <testcase classname="net.mooctest.AStarTest" name="testReachability_围栏中途阻断" time="0.001"/>
  <testcase classname="net.mooctest.AStarTest" name="testReachability_围栏保持放行" time="0"/>
  <testcase classname="net.mooctest.AStarTest" name="testReachability_斜率和穿越分支" time="0"/>
  <testcase classname="net.mooctest.AStarTest" name="testReachability_非整数斜率阻断" time="0"/>
  <testcase classname="net.mooctest.AStarTest" name="testOpen_方向和状态判断确保不重复入堆" time="0"/>
  <testcase classname="net.mooctest.AStarTest" name="testReachability_围栏阻断终点回退" time="0"/>
  <testcase classname="net.mooctest.AStarTest" name="testThreadLocalAStar_线程隔离" time="0.003"/>
</testsuite>