<?xml version="1.0" encoding="UTF-8" ?>
<testsuite tests="50" failures="0" name="net.mooctest.HotelTest" time="0.048" errors="0" skipped="0">
  <properties>
[...]
</properties>
  <testcase classname="net.mooctest.HotelTest" name="testHotelGetFreeRoomsOrdering" time="0.015"/>
  <testcase classname="net.mooctest.HotelTest" name="testShopGetAllProductsInfoSorting" time="0.012"/>
  <testcase classname="net.mooctest.HotelTest" name="testOrderCreateWithNinetyPercentBoundary" time="0"/>
  <testcase classname="net.mooctest.HotelTest" name="testRoomTypeValidation" time="0"/>
  <testcase classname="net.mooctest.HotelTest" name="testSetRoomCodeRejectsDoubleZero" time="0.001"/>
  <testcase classname="net.mooctest.HotelTest" name="testHotelPrintAllRoomsInfoOrdering" time="0.003"/>
  <testcase classname="net.mooctest.HotelTest" name="testShopSellProductScenarios" time="0.005"/>
  <testcase classname="net.mooctest.HotelTest" name="testProductCountValidationAndInfo" time="0"/>
  <testcase classname="net.mooctest.HotelTest" name="testProductDiscountValidation" time="0"/>
  <testcase classname="net.mooctest.HotelTest" name="testShopKeeperSellProductsCreatesOrder" time="0.001"/>
  <testcase classname="net.mooctest.HotelTest" name="testRoomInitializationAndToString" time="0"/>
  <testcase classname="net.mooctest.HotelTest" name="testHotelAddRoomAndQueryOutput" time="0"/>
  <testcase classname="net.mooctest.HotelTest" name="testHotelRemoveRoomNotExist" time="0"/>
  <testcase classname="net.mooctest.HotelTest" name="testSetRoomCodeRejectsTooLarge" time="0"/>
  <testcase classname="net.mooctest.HotelTest" name="testSetRoomCodeRejectsTooSmall" time="0"/>
  <testcase classname="net.mooctest.HotelTest" name="testShopKeeperSellProductsAllFail" time="0"/>
  <testcase classname="net.mooctest.HotelTest" name="testOrderCreateWithEightyPercentBoundary" time="0.002"/>
  <testcase classname="net.mooctest.HotelTest" name="testShopUpdateProduct" time="0"/>
  <testcase classname="net.mooctest.HotelTest" name="testOrderPrintOrdersOutput" time="0"/>
  <testcase classname="net.mooctest.HotelTest" name="testHotelQueryRoomNotExist" time="0"/>
  <testcase classname="net.mooctest.HotelTest" name="testBookedStateBehaviors" time="0.001"/>
  <testcase classname="net.mooctest.HotelTest" name="testShopDeleteAndExceptions" time="0"/>
  <testcase classname="net.mooctest.HotelTest" name="testManagerTransferPriceBoundaryCases" time="0"/>
  <testcase classname="net.mooctest.HotelTest" name="testSetCapacityRejectsOutOfRange" time="0"/>
  <testcase classname="net.mooctest.HotelTest" name="testManagerCheckInTwiceOnSameRoom" time="0.001"/>
  <testcase classname="net.mooctest.HotelTest" name="testManagerCheckInRoomNotExists" time="0"/>
  <testcase classname="net.mooctest.HotelTest" name="testOrderFormatDoubleRounding" time="0.001"/>
  <testcase classname="net.mooctest.HotelTest" name="testSetTypeRejectsUnknownType" time="0"/>
  <testcase classname="net.mooctest.HotelTest" name="testSetPriceRejectsTooManyDecimals" time="0"/>
  <testcase classname="net.mooctest.HotelTest" name="testOrderCreateWithNinetyPercentDiscount" time="0"/>
  <testcase classname="net.mooctest.HotelTest" name="testManagerTransferPriceNegativeCase" time="0"/>
  <testcase classname="net.mooctest.HotelTest" name="testManagerCheckInDiscountsAndStateChange" time="0.001"/>
  <testcase classname="net.mooctest.HotelTest" name="testProductNameValidation" time="0"/>
  <testcase classname="net.mooctest.HotelTest" name="testProductPriceValidation" time="0.001"/>
  <testcase classname="net.mooctest.HotelTest" name="testHotelAddRoomDuplicateAndInvalidType" time="0"/>
  <testcase classname="net.mooctest.HotelTest" name="testShopAddProductMergeAndIndex" time="0"/>
  <testcase classname="net.mooctest.HotelTest" name="testOrderSearchMaxOrder" time="0.001"/>
  <testcase classname="net.mooctest.HotelTest" name="testManagerTransferPriceRomanConversion" time="0"/>
  <testcase classname="net.mooctest.HotelTest" name="testHotelRemoveRoomSuccess" time="0"/>
  <testcase classname="net.mooctest.HotelTest" name="testCheckInStateBehaviors" time="0.002"/>
  <testcase classname="net.mooctest.HotelTest" name="testFreeTimeStateBehaviors" time="0"/>
  <testcase classname="net.mooctest.HotelTest" name="testOrderCreateWithoutDiscount" time="0"/>
  <testcase classname="net.mooctest.HotelTest" name="testManagerCheckInInvalidDays" time="0"/>
  <testcase classname="net.mooctest.HotelTest" name="testOrderItemSetterGetter" time="0"/>
  <testcase classname="net.mooctest.HotelTest" name="testShopKeeperShowAllProductsOutput" time="0.001"/>
  <testcase classname="net.mooctest.HotelTest" name="testHotelGetFreeRoomsEmptyResult" time="0"/>
  <testcase classname="net.mooctest.HotelTest" name="testOrderCreateWithEightyPercentDiscount" time="0"/>
  <testcase classname="net.mooctest.HotelTest" name="testOrderItemFormattingAndAmount" time="0"/>
  <testcase classname="net.mooctest.HotelTest" name="testSetPriceRejectsNonPositive" time="0"/>
  <testcase classname="net.mooctest.HotelTest" name="testShopSearchAndGetProductByName" time="0"/>
</testsuite>