<?xml version="1.0" encoding="UTF-8" ?>
<testsuite tests="5" failures="0" name="net.mooctest.RoomType_ESTest" time="0.012" errors="0" skipped="0">
  <properties>
[...]
</properties>
  <testcase classname="net.mooctest.RoomType_ESTest" name="test1" time="0.003"/>
  <testcase classname="net.mooctest.RoomType_ESTest" name="test0" time="0.003"/>
  <testcase classname="net.mooctest.RoomType_ESTest" name="test4" time="0.002"/>
  <testcase classname="net.mooctest.RoomType_ESTest" name="test3" time="0.002"/>
  <testcase classname="net.mooctest.RoomType_ESTest" name="test2" time="0.002"/>
</testsuite>