<?xml version="1.0" encoding="UTF-8" ?>
<testsuite tests="56" failures="0" name="net.mooctest.AlgorithmFactoryTest" time="0.088" errors="0" skipped="0">
  <properties>
[...]
</properties>
  <testcase classname="net.mooctest.AlgorithmFactoryTest" name="testFactoryReturnsParallelMergeSort" time="0.007"/>
  <testcase classname="net.mooctest.AlgorithmFactoryTest" name="testDynamicAlgorithmManagerAutoSelectSortFailsWithoutRegistration" time="0.013"/>
  <testcase classname="net.mooctest.AlgorithmFactoryTest" name="testConcurrentAlgorithmManagerParallelSearchNotFound" time="0.008"/>
  <testcase classname="net.mooctest.AlgorithmFactoryTest" name="testLinkedListDataStructureGetOutOfBounds" time="0"/>
  <testcase classname="net.mooctest.AlgorithmFactoryTest" name="testPerformanceTrackerBestPerformance" time="0.006"/>
  <testcase classname="net.mooctest.AlgorithmFactoryTest" name="testOptimizedQuickSortHandlesLargeArray" time="0.005"/>
  <testcase classname="net.mooctest.AlgorithmFactoryTest" name="testBubbleSortSortsData" time="0"/>
  <testcase classname="net.mooctest.AlgorithmFactoryTest" name="testOptimizedQuickSortBinarySearch" time="0.001"/>
  <testcase classname="net.mooctest.AlgorithmFactoryTest" name="testMultiThreadedSearchParallelSearchNotFound" time="0.014"/>
  <testcase classname="net.mooctest.AlgorithmFactoryTest" name="testConcurrentAlgorithmManagerParallelOperations" time="0.005"/>
  <testcase classname="net.mooctest.AlgorithmFactoryTest" name="testConcurrentAlgorithmManagerMissingAlgorithmThrows" time="0"/>
  <testcase classname="net.mooctest.AlgorithmFactoryTest" name="testDynamicAlgorithmManagerSelectionLogic" time="0.001"/>
  <testcase classname="net.mooctest.AlgorithmFactoryTest" name="testParallelMergeSortSingleElementNoWork" time="0.002"/>
  <testcase classname="net.mooctest.AlgorithmFactoryTest" name="testFactoryReturnsOptimizedQuickSort" time="0"/>
  <testcase classname="net.mooctest.AlgorithmFactoryTest" name="testFactoryCaseInsensitive" time="0"/>
  <testcase classname="net.mooctest.AlgorithmFactoryTest" name="testConcurrencyExceptionMessage" time="0.001"/>
  <testcase classname="net.mooctest.AlgorithmFactoryTest" name="testArrayDataStructureSetOutOfBounds" time="0"/>
  <testcase classname="net.mooctest.AlgorithmFactoryTest" name="testParallelMergeSortSortsData" time="0.002"/>
  <testcase classname="net.mooctest.AlgorithmFactoryTest" name="testPerformanceTrackerEmpty" time="0"/>
  <testcase classname="net.mooctest.AlgorithmFactoryTest" name="testFactoryReturnsBubbleSort" time="0"/>
  <testcase classname="net.mooctest.AlgorithmFactoryTest" name="testBubbleSortEvaluatePerformanceMaintainsPositiveMetrics" time="0"/>
  <testcase classname="net.mooctest.AlgorithmFactoryTest" name="testAlgorithmManagerSortAndSearch" time="0"/>
  <testcase classname="net.mooctest.AlgorithmFactoryTest" name="testBSTDataStructureInorderTraversal" time="0"/>
  <testcase classname="net.mooctest.AlgorithmFactoryTest" name="testHeapDataStructureGetUnsupported" time="0"/>
  <testcase classname="net.mooctest.AlgorithmFactoryTest" name="testFactoryUnknownAlgorithmThrows" time="0"/>
  <testcase classname="net.mooctest.AlgorithmFactoryTest" name="testParallelMergeSortOnEmptyArray" time="0"/>
  <testcase classname="net.mooctest.AlgorithmFactoryTest" name="testBSTDataStructureSetUnsupported" time="0"/>
  <testcase classname="net.mooctest.AlgorithmFactoryTest" name="testAlgorithmManagerSearchMissingThrows" time="0"/>
  <testcase classname="net.mooctest.AlgorithmFactoryTest" name="testArrayDataStructureFromArrayAndMutate" time="0"/>
  <testcase classname="net.mooctest.AlgorithmFactoryTest" name="testOptimizedQuickSortEvaluatePerformance" time="0"/>
  <testcase classname="net.mooctest.AlgorithmFactoryTest" name="testMultiThreadedSearchFindsElement" time="0.001"/>
  <testcase classname="net.mooctest.AlgorithmFactoryTest" name="testQuickSortSortsData" time="0"/>
  <testcase classname="net.mooctest.AlgorithmFactoryTest" name="testMultiThreadedSearchLinearSearchMiss" time="0"/>
  <testcase classname="net.mooctest.AlgorithmFactoryTest" name="testAlgorithmPerformanceAccessors" time="0"/>
  <testcase classname="net.mooctest.AlgorithmFactoryTest" name="testQuickSortEvaluatePerformance" time="0"/>
  <testcase classname="net.mooctest.AlgorithmFactoryTest" name="testParallelMergeSortEvaluatePerformanceRecordsParallelism" time="0.007"/>
  <testcase classname="net.mooctest.AlgorithmFactoryTest" name="testLinkedListDataStructureSetOutOfBounds" time="0"/>
  <testcase classname="net.mooctest.AlgorithmFactoryTest" name="testArrayDataStructureGetOutOfBounds" time="0"/>
  <testcase classname="net.mooctest.AlgorithmFactoryTest" name="testArrayDataStructureAddAndExpand" time="0.001"/>
  <testcase classname="net.mooctest.AlgorithmFactoryTest" name="testAlgorithmPerformanceReportDoesNotError" time="0.002"/>
  <testcase classname="net.mooctest.AlgorithmFactoryTest" name="testDynamicAlgorithmManagerSortedDetection" time="0"/>
  <testcase classname="net.mooctest.AlgorithmFactoryTest" name="testOptimizedQuickSortMedianOfThreeBranches" time="0"/>
  <testcase classname="net.mooctest.AlgorithmFactoryTest" name="testHeapDataStructureOperations" time="0"/>
  <testcase classname="net.mooctest.AlgorithmFactoryTest" name="testAlgorithmManagerGetAlgorithmMissing" time="0"/>
  <testcase classname="net.mooctest.AlgorithmFactoryTest" name="testBSTDataStructureFromArrayResetsState" time="0"/>
  <testcase classname="net.mooctest.AlgorithmFactoryTest" name="testMultiThreadedSearchHandlesRemainderPartition" time="0.005"/>
  <testcase classname="net.mooctest.AlgorithmFactoryTest" name="testQuickSortBinarySearch" time="0"/>
  <testcase classname="net.mooctest.AlgorithmFactoryTest" name="testHashTableDataStructureOperations" time="0.005"/>
  <testcase classname="net.mooctest.AlgorithmFactoryTest" name="testBSTDataStructureGetUnsupported" time="0"/>
  <testcase classname="net.mooctest.AlgorithmFactoryTest" name="testInvalidDataExceptionMessage" time="0"/>
  <testcase classname="net.mooctest.AlgorithmFactoryTest" name="testParallelMergeSortBinarySearch" time="0"/>
  <testcase classname="net.mooctest.AlgorithmFactoryTest" name="testLinkedListDataStructureBasicOperations" time="0"/>
  <testcase classname="net.mooctest.AlgorithmFactoryTest" name="testAlgorithmManagerSortMissingThrows" time="0.001"/>
  <testcase classname="net.mooctest.AlgorithmFactoryTest" name="testOptimizedQuickSortInsertionSortBranch" time="0.001"/>
  <testcase classname="net.mooctest.AlgorithmFactoryTest" name="testBubbleSortLinearSearch" time="0"/>
  <testcase classname="net.mooctest.AlgorithmFactoryTest" name="testHeapDataStructureSetUnsupported" time="0"/>
</testsuite>